#
# A fatal error has been detected by the Java Runtime Environment:
#
#  EXCEPTION_ACCESS_VIOLATION (0xc0000005) at pc=0x000000006136dba5, pid=8800, tid=0x0000000000002224
#
# JRE version: Java(TM) SE Runtime Environment (8.0_92-b14) (build 1.8.0_92-b14)
# Java VM: Java HotSpot(TM) 64-Bit Server VM (25.92-b14 mixed mode windows-amd64 compressed oops)
# Problematic frame:
# V  [jvm.dll+0x13dba5]
#
# Failed to write core dump. Minidumps are not enabled by default on client versions of Windows
#
# If you would like to submit a bug report, please visit:
#   http://bugreport.java.com/bugreport/crash.jsp
#

---------------  T H R E A D  ---------------

Current thread (0x00000000021bd800):  JavaThread "main" [_thread_in_vm, id=8740, stack(0x0000000001fd0000,0x00000000020d0000)]

siginfo: ExceptionCode=0xc0000005, reading address 0x0000000000000000

Registers:
RAX=0x0000000000000000, RBX=0x00000000021bd800, RCX=0x0000000000000d80, RDX=0x0000000000000000
RSP=0x00000000020cf360, RBP=0x00000000020cf4a8, RSI=0x00000000021bd9f8, RDI=0x0000000000000000
R8 =0x00000000186ff610, R9 =0x000000000000000c, R10=0x00000000619cad50, R11=0x00000000d5e92860
R12=0x0000000000000000, R13=0x00000000020cf4d8, R14=0x00000000021bd9f8, R15=0x00000000186ff610
RIP=0x000000006136dba5, EFLAGS=0x0000000000010202

Top of Stack: (sp=0x00000000020cf360)
0x00000000020cf360:   000000001686c728 0000000000000000
0x00000000020cf370:   0000000000000000 0000000000000000
0x00000000020cf380:   00000000021bd800 0000000000000000
0x00000000020cf390:   0000000000000000 00000000612eaa86
0x00000000020cf3a0:   00000000022c7da0 00007ffaaa2e20e7
0x00000000020cf3b0:   000000001686c728 00000000020cf4a8
0x00000000020cf3c0:   0000000020200021 000000001686c728
0x00000000020cf3d0:   000000001686c728 00000000021bd800
0x00000000020cf3e0:   00000000022c7da0 00000000022d7de6
0x00000000020cf3f0:   00000000021bd800 00000000020cf4e8
0x00000000020cf400:   000000001686c728 0000000000000000
0x00000000020cf410:   0000000020200021 00000000022d7f54
0x00000000020cf420:   000000001686c728 00000000020cf4a8
0x00000000020cf430:   00000000022c7da0 00000000022d7ccb
0x00000000020cf440:   0000000000000000 0000000000010000
0x00000000020cf450:   0000000020200021 00000000021bd800 

Instructions: (pc=0x000000006136dba5)
0x000000006136db85:   89 5c 24 20 48 c7 44 24 28 00 00 00 00 74 0a 48
0x000000006136db95:   8d 4c 24 20 e8 82 ca 13 00 80 3d 0c 96 6c 00 00
0x000000006136dba5:   48 8b 17 74 15 8b 52 08 8b 0d ed cb 65 00 48 d3
0x000000006136dbb5:   e2 48 03 15 db cb 65 00 eb 04 48 8b 52 08 48 8b 


Register to memory mapping:

RAX=0x0000000000000000 is an unknown value
RBX=0x00000000021bd800 is a thread
RCX=0x0000000000000d80 is an unknown value
RDX=0x0000000000000000 is an unknown value
RSP=0x00000000020cf360 is pointing into the stack for thread: 0x00000000021bd800
RBP=0x00000000020cf4a8 is pointing into the stack for thread: 0x00000000021bd800
RSI=0x00000000021bd9f8 is an unknown value
RDI=0x0000000000000000 is an unknown value
R8 =0x00000000186ff610 is an unknown value
R9 =0x000000000000000c is an unknown value
R10=0x00000000619cad50 is an unknown value
R11=0x00000000d5e92860 is an oop
java.lang.String 
 - klass: 'java/lang/String'
R12=0x0000000000000000 is an unknown value
R13=0x00000000020cf4d8 is pointing into the stack for thread: 0x00000000021bd800
R14=0x00000000021bd9f8 is an unknown value
R15=0x00000000186ff610 is an unknown value


Stack: [0x0000000001fd0000,0x00000000020d0000],  sp=0x00000000020cf360,  free space=1020k
Native frames: (J=compiled Java code, j=interpreted, Vv=VM code, C=native code)
V  [jvm.dll+0x13dba5]
C  [remoteApiJava.dll+0x120e7]
C  0x00000000022d7f54

Java frames: (J=compiled Java code, j=interpreted, Vv=VM code)
j  coppelia.remoteApi.simxSetStringSignal(ILjava/lang/String;Lcoppelia/CharWA;I)I+0
j  simvrep.Simulation.SendSignals()V+16
j  Tests.HormControlTest.main([Ljava/lang/String;)V+687
v  ~StubRoutines::call_stub

---------------  P R O C E S S  ---------------

Java Threads: ( => current thread )
  0x0000000018698800 JavaThread "Service Thread" daemon [_thread_blocked, id=9748, stack(0x0000000018a70000,0x0000000018b70000)]
  0x0000000016e11800 JavaThread "C1 CompilerThread2" daemon [_thread_blocked, id=6552, stack(0x0000000018570000,0x0000000018670000)]
  0x0000000016e0c000 JavaThread "C2 CompilerThread1" daemon [_thread_blocked, id=6480, stack(0x0000000018470000,0x0000000018570000)]
  0x0000000016dfd000 JavaThread "C2 CompilerThread0" daemon [_thread_blocked, id=2648, stack(0x0000000018370000,0x0000000018470000)]
  0x0000000016dfb800 JavaThread "Attach Listener" daemon [_thread_blocked, id=5620, stack(0x0000000018270000,0x0000000018370000)]
  0x0000000016dfa000 JavaThread "Signal Dispatcher" daemon [_thread_blocked, id=2768, stack(0x0000000018170000,0x0000000018270000)]
  0x0000000016dea800 JavaThread "Finalizer" daemon [_thread_blocked, id=8936, stack(0x0000000018070000,0x0000000018170000)]
  0x0000000016dc9000 JavaThread "Reference Handler" daemon [_thread_blocked, id=7820, stack(0x0000000017f70000,0x0000000018070000)]
=>0x00000000021bd800 JavaThread "main" [_thread_in_vm, id=8740, stack(0x0000000001fd0000,0x00000000020d0000)]

Other Threads:
  0x0000000016dc7000 VMThread [stack: 0x0000000017e70000,0x0000000017f70000] [id=2444]
  0x000000001869a800 WatcherThread [stack: 0x0000000018b70000,0x0000000018c70000] [id=9888]

VM state:not at safepoint (normal execution)

VM Mutex/Monitor currently owned by a thread: None

Heap:
 PSYoungGen      total 38400K, used 1331K [0x00000000d5e00000, 0x00000000d8880000, 0x0000000100000000)
  eden space 33280K, 4% used [0x00000000d5e00000,0x00000000d5f4cce8,0x00000000d7e80000)
  from space 5120K, 0% used [0x00000000d8380000,0x00000000d8380000,0x00000000d8880000)
  to   space 5120K, 0% used [0x00000000d7e80000,0x00000000d7e80000,0x00000000d8380000)
 ParOldGen       total 87552K, used 0K [0x0000000081a00000, 0x0000000086f80000, 0x00000000d5e00000)
  object space 87552K, 0% used [0x0000000081a00000,0x0000000081a00000,0x0000000086f80000)
 Metaspace       used 2592K, capacity 4566K, committed 4864K, reserved 1056768K
  class space    used 289K, capacity 390K, committed 512K, reserved 1048576K

Card table byte_map: [0x0000000011680000,0x0000000011a80000] byte_map_base: 0x0000000011273000

Marking Bits: (ParMarkBitMap*) 0x0000000061a464f0
 Begin Bits: [0x0000000012130000, 0x00000000140c8000)
 End Bits:   [0x00000000140c8000, 0x0000000016060000)

Polling page: 0x0000000000710000

CodeCache: size=245760Kb used=1122Kb max_used=1122Kb free=244637Kb
 bounds [0x00000000022c0000, 0x0000000002530000, 0x00000000112c0000]
 total_blobs=284 nmethods=35 adapters=162
 compilation: enabled

Compilation events (10 events):
Event: 0.099 Thread 0x0000000016e11800   31       3       java.lang.String::startsWith (7 bytes)
Event: 0.099 Thread 0x0000000016e11800 nmethod 31 0x00000000023d5910 code [0x00000000023d5a80, 0x00000000023d5c88]
Event: 0.154 Thread 0x0000000016e11800   32       1       java.lang.String::length (6 bytes)
Event: 0.154 Thread 0x0000000016e11800 nmethod 32 0x00000000023d5d10 code [0x00000000023d5e60, 0x00000000023d5f70]
Event: 0.155 Thread 0x0000000016e11800   33       1       java.lang.Object::<init> (1 bytes)
Event: 0.155 Thread 0x0000000016e11800 nmethod 33 0x00000000023d6010 code [0x00000000023d6160, 0x00000000023d6270]
Event: 0.155 Thread 0x0000000016e11800   34       3       java.lang.String::indexOf (7 bytes)
Event: 0.156 Thread 0x0000000016e11800 nmethod 34 0x00000000023d62d0 code [0x00000000023d6440, 0x00000000023d6648]
Event: 0.174 Thread 0x0000000016e11800   35       1       java.util.ArrayList::size (5 bytes)
Event: 0.174 Thread 0x0000000016e11800 nmethod 35 0x00000000023d66d0 code [0x00000000023d6820, 0x00000000023d6930]

GC Heap History (0 events):
No events

Deoptimization events (0 events):
No events

Internal exceptions (2 events):
Event: 0.032 Thread 0x00000000021bd800 Exception <a 'java/lang/NoSuchMethodError': Method sun.misc.Unsafe.defineClass(Ljava/lang/String;[BII)Ljava/lang/Class; name or signature does not match> (0x00000000d5e07cc0) thrown at [D:\re\workspace\8-2-build-windows-amd64-cygwin\jdk8u92\6642\hotspot\sr¨OP¯˜7 ?
Event: 0.032 Thread 0x00000000021bd800 Exception <a 'java/lang/NoSuchMethodError': Method sun.misc.Unsafe.prefetchRead(Ljava/lang/Object;J)V name or signature does not match> (0x00000000d5e07fa8) thrown at [D:\re\workspace\8-2-build-windows-amd64-cygwin\jdk8u92\6642\hotspot\src\share\vm\prims\j

Events (10 events):
Event: 0.154 loading class java/util/concurrent/ConcurrentHashMap$ForwardingNode
Event: 0.154 loading class java/util/concurrent/ConcurrentHashMap$ForwardingNode done
Event: 0.155 loading class coppelia/CharWA
Event: 0.155 loading class coppelia/CharWA done
Event: 0.161 loading class coppelia/IntWA
Event: 0.161 loading class coppelia/IntWA done
Event: 0.174 loading class coppelia/remoteApi
Event: 0.174 loading class coppelia/remoteApi done
Event: 0.190 loading class java/lang/ClassLoaderHelper
Event: 0.190 loading class java/lang/ClassLoaderHelper done


Dynamic libraries:
0x00007ff74b120000 - 0x00007ff74b157000 	C:\Program Files\Java\jre1.8.0_92\bin\javaw.exe
0x00007ffac72f0000 - 0x00007ffac74b1000 	C:\WINDOWS\SYSTEM32\ntdll.dll
0x00007ffac4980000 - 0x00007ffac4a2d000 	C:\WINDOWS\system32\KERNEL32.DLL
0x00007ffac4130000 - 0x00007ffac4318000 	C:\WINDOWS\system32\KERNELBASE.dll
0x00007ffac6480000 - 0x00007ffac6527000 	C:\WINDOWS\system32\ADVAPI32.dll
0x00007ffac63b0000 - 0x00007ffac644d000 	C:\WINDOWS\system32\msvcrt.dll
0x00007ffac6e40000 - 0x00007ffac6e9b000 	C:\WINDOWS\system32\sechost.dll
0x00007ffac71d0000 - 0x00007ffac72ec000 	C:\WINDOWS\system32\RPCRT4.dll
0x00007ffac4800000 - 0x00007ffac4956000 	C:\WINDOWS\system32\USER32.dll
0x00007ffac6c70000 - 0x00007ffac6df6000 	C:\WINDOWS\system32\GDI32.dll
0x00007ffab69e0000 - 0x00007ffab6c54000 	C:\WINDOWS\WinSxS\amd64_microsoft.windows.common-controls_6595b64144ccf1df_6.0.10586.0_none_8c15ae12515e1c22\COMCTL32.dll
0x00007ffac60c0000 - 0x00007ffac633d000 	C:\WINDOWS\system32\combase.dll
0x00007ffac45f0000 - 0x00007ffac465a000 	C:\WINDOWS\system32\bcryptPrimitives.dll
0x00007ffac6e00000 - 0x00007ffac6e3b000 	C:\WINDOWS\system32\IMM32.DLL
0x0000000060970000 - 0x0000000060a42000 	C:\Program Files\Java\jre1.8.0_92\bin\msvcr100.dll
0x0000000061230000 - 0x0000000061ac6000 	C:\Program Files\Java\jre1.8.0_92\bin\server\jvm.dll
0x00007ffac6470000 - 0x00007ffac6478000 	C:\WINDOWS\system32\PSAPI.DLL
0x00007ffabe780000 - 0x00007ffabe789000 	C:\WINDOWS\SYSTEM32\WSOCK32.dll
0x00007ffac6340000 - 0x00007ffac63ab000 	C:\WINDOWS\system32\WS2_32.dll
0x00007ffac1300000 - 0x00007ffac1323000 	C:\WINDOWS\SYSTEM32\WINMM.dll
0x00007ffabe870000 - 0x00007ffabe87a000 	C:\WINDOWS\SYSTEM32\VERSION.dll
0x00007ffac1280000 - 0x00007ffac12ac000 	C:\WINDOWS\SYSTEM32\WINMMBASE.dll
0x00007ffac43d0000 - 0x00007ffac4413000 	C:\WINDOWS\system32\cfgmgr32.dll
0x0000000061140000 - 0x000000006114f000 	C:\Program Files\Java\jre1.8.0_92\bin\verify.dll
0x0000000061110000 - 0x0000000061139000 	C:\Program Files\Java\jre1.8.0_92\bin\java.dll
0x00000000610f0000 - 0x0000000061106000 	C:\Program Files\Java\jre1.8.0_92\bin\zip.dll
0x00007ffac4a90000 - 0x00007ffac5fec000 	C:\WINDOWS\system32\SHELL32.dll
0x00007ffac3a00000 - 0x00007ffac4044000 	C:\WINDOWS\system32\windows.storage.dll
0x00007ffac6530000 - 0x00007ffac6582000 	C:\WINDOWS\system32\shlwapi.dll
0x00007ffac3910000 - 0x00007ffac391f000 	C:\WINDOWS\system32\kernel.appcore.dll
0x00007ffac4050000 - 0x00007ffac4105000 	C:\WINDOWS\system32\shcore.dll
0x00007ffac3940000 - 0x00007ffac398b000 	C:\WINDOWS\system32\powrprof.dll
0x00007ffac3920000 - 0x00007ffac3934000 	C:\WINDOWS\system32\profapi.dll
0x00007ffaaa2d0000 - 0x00007ffaaa310000 	C:\Users\golde_000\git\Evolution\VREPControl\lib\remoteApiJava.dll
0x00007ffac31e0000 - 0x00007ffac323c000 	C:\WINDOWS\system32\mswsock.dll
0x00007ffabe140000 - 0x00007ffabe2cc000 	C:\WINDOWS\SYSTEM32\dbghelp.dll

VM Arguments:
jvm_args: -Djava.library.path=C:\Users\golde_000\git\Evolution\VREPControl\lib -Dfile.encoding=Cp1252 
java_command: Tests.HormControlTest
java_class_path (initial): C:\Users\golde_000\git\Evolution\VREPControl\bin;C:\Users\golde_000\git\Evolution\VREPControl\lib\lib\commons-configuration-1.5.jar;C:\Users\golde_000\git\Evolution\VREPControl\lib\lib\CMA.jar;C:\Users\golde_000\git\Evolution\VREPControl\lib\lib\log4j-1.2.11.jar;C:\Users\golde_000\git\Evolution\VREPControl\lib\lib\mpj.jar;C:\Users\golde_000\git\Evolution\VREPControl\lib\lib\commons-logging-1.1.1.jar;C:\Users\golde_000\git\Evolution\VREPControl\lib\lib\commons-lang-2.4.jar;C:\Users\golde_000\git\Evolution\VREPControl\lib\lib\commons-collections-3.2.1.jar;C:\Users\golde_000\git\Evolution\VREPControl\lib\lib\mtj-0.9.11.jar;C:\Users\golde_000\git\Evolution\VREPControl\lib\lib\commons-math-2.0.jar;C:\Users\golde_000\git\Evolution\VREPControl\lib\jeaf-1.0.jar;C:\Users\golde_000\git\Evolution\VREPControl\lib;C:\Users\golde_000\git\Evolution\VREPControl\lib\math.jar;C:\Users\golde_000\git\Evolution\VREPControl\lib\optimization.jar;C:\Users\golde_000\git\Evolution\VREPControl\lib\random.jar;C:\Users\golde_000\git\Evolution\VREPControl\lib\services.jar;C:\Users\golde_000\git\Evolution\VREPControl\lib\types.jar;C:\Users\golde_000\git\Evolution\VREPControl\lib\evolution.jar;C:\Users\golde_000\git\Evolution\VREPControl\lib\commons-math3-3.5.jar
Launcher Type: SUN_STANDARD

Environment Variables:
PATH=C:/Program Files/Java/jre1.8.0_92/bin/server;C:/Program Files/Java/jre1.8.0_92/bin;C:/Program Files/Java/jre1.8.0_92/lib/amd64;C:\ProgramData\Oracle\Java\javapath;C:\Program Files (x86)\Intel\iCLS Client\;C:\Program Files\Intel\iCLS Client\;C:\WINDOWS\system32;C:\WINDOWS;C:\WINDOWS\System32\Wbem;C:\WINDOWS\System32\WindowsPowerShell\v1.0\;C:\Program Files\Intel\Intel(R) Management Engine Components\DAL;C:\Program Files\Intel\Intel(R) Management Engine Components\IPT;C:\Program Files (x86)\Intel\Intel(R) Management Engine Components\DAL;C:\Program Files (x86)\Intel\Intel(R) Management Engine Components\IPT;C:\Program Files (x86)\ATI Technologies\ATI.ACE\Core-Static;C:\Program Files\Intel\WiFi\bin\;C:\Program Files\Common Files\Intel\WirelessCommon\;C:\Program Files (x86)\Skype\Phone\;C:\Program Files (x86)\PuTTY\;C:\Users\golde_000\eclipse\java-mars\eclipse;
USERNAME=golde_000
OS=Windows_NT
PROCESSOR_IDENTIFIER=Intel64 Family 6 Model 69 Stepping 1, GenuineIntel



---------------  S Y S T E M  ---------------

OS: Windows 10.0 , 64 bit Build 10586 (10.0.10586.0)

CPU:total 4 (2 cores per cpu, 2 threads per core) family 6 model 69 stepping 1, cmov, cx8, fxsr, mmx, sse, sse2, sse3, ssse3, sse4.1, sse4.2, popcnt, avx, avx2, aes, clmul, erms, lzcnt, ht, tsc, tscinvbit, bmi1, bmi2

Memory: 4k page, physical 8278296k(4450760k free), swap 10244376k(5533676k free)

vm_info: Java HotSpot(TM) 64-Bit Server VM (25.92-b14) for windows-amd64 JRE (1.8.0_92-b14), built on Mar 31 2016 21:03:04 by "java_re" with MS VC++ 10.0 (VS2010)

time: Wed Jun 15 18:14:04 2016
elapsed time: 0 seconds (0d 0h 0m 0s)

