#
# A fatal error has been detected by the Java Runtime Environment:
#
#  EXCEPTION_ACCESS_VIOLATION (0xc0000005) at pc=0x000000006136dba5, pid=7908, tid=0x0000000000001108
#
# JRE version: Java(TM) SE Runtime Environment (8.0_92-b14) (build 1.8.0_92-b14)
# Java VM: Java HotSpot(TM) 64-Bit Server VM (25.92-b14 mixed mode windows-amd64 compressed oops)
# Problematic frame:
# V  [jvm.dll+0x13dba5]
#
# Failed to write core dump. Minidumps are not enabled by default on client versions of Windows
#
# If you would like to submit a bug report, please visit:
#   http://bugreport.java.com/bugreport/crash.jsp
#

---------------  T H R E A D  ---------------

Current thread (0x0000000002212800):  JavaThread "main" [_thread_in_vm, id=4360, stack(0x0000000002110000,0x0000000002210000)]

siginfo: ExceptionCode=0xc0000005, reading address 0x0000000000000000

Registers:
RAX=0x0000000000000000, RBX=0x0000000002212800, RCX=0x0000000000000280, RDX=0x0000000000000000
RSP=0x000000000220ef20, RBP=0x000000000220f068, RSI=0x00000000022129f8, RDI=0x0000000000000000
R8 =0x0000000018e85770, R9 =0x000000000000000c, R10=0x00000000619cad50, R11=0x00000000d5e93be8
R12=0x0000000000000000, R13=0x000000000220f098, R14=0x00000000022129f8, R15=0x0000000018e85770
RIP=0x000000006136dba5, EFLAGS=0x0000000000010202

Top of Stack: (sp=0x000000000220ef20)
0x000000000220ef20:   00000000168bc788 0000000000000000
0x000000000220ef30:   0000000000000000 0000000000000000
0x000000000220ef40:   0000000002212800 0000000000000000
0x000000000220ef50:   0000000000000000 00000000612eaa86
0x000000000220ef60:   0000000002317e40 00007ffaaa3a20e7
0x000000000220ef70:   00000000168bc788 000000000220f068
0x000000000220ef80:   0000000020200021 00000000168bc788
0x000000000220ef90:   00000000168bc788 0000000002212800
0x000000000220efa0:   0000000002317e40 0000000002330d40
0x000000000220efb0:   0000000002212800 000000000220f0a8
0x000000000220efc0:   00000000168bc788 0000000000000000
0x000000000220efd0:   0000000020200021 0000000002330fec
0x000000000220efe0:   00000000168bc788 000000000220f068
0x000000000220eff0:   000000000220f068 0000000002330bb7
0x000000000220f000:   0000000000000000 0000000000010000
0x000000000220f010:   0000000002317e40 0000000002212800 

Instructions: (pc=0x000000006136dba5)
0x000000006136db85:   89 5c 24 20 48 c7 44 24 28 00 00 00 00 74 0a 48
0x000000006136db95:   8d 4c 24 20 e8 82 ca 13 00 80 3d 0c 96 6c 00 00
0x000000006136dba5:   48 8b 17 74 15 8b 52 08 8b 0d ed cb 65 00 48 d3
0x000000006136dbb5:   e2 48 03 15 db cb 65 00 eb 04 48 8b 52 08 48 8b 


Register to memory mapping:

RAX=0x0000000000000000 is an unknown value
RBX=0x0000000002212800 is a thread
RCX=0x0000000000000280 is an unknown value
RDX=0x0000000000000000 is an unknown value
RSP=0x000000000220ef20 is pointing into the stack for thread: 0x0000000002212800
RBP=0x000000000220f068 is pointing into the stack for thread: 0x0000000002212800
RSI=0x00000000022129f8 is an unknown value
RDI=0x0000000000000000 is an unknown value
R8 =0x0000000018e85770 is an unknown value
R9 =0x000000000000000c is an unknown value
R10=0x00000000619cad50 is an unknown value
R11=0x00000000d5e93be8 is an oop
java.lang.String 
 - klass: 'java/lang/String'
R12=0x0000000000000000 is an unknown value
R13=0x000000000220f098 is pointing into the stack for thread: 0x0000000002212800
R14=0x00000000022129f8 is an unknown value
R15=0x0000000018e85770 is an unknown value


Stack: [0x0000000002110000,0x0000000002210000],  sp=0x000000000220ef20,  free space=1019k
Native frames: (J=compiled Java code, j=interpreted, Vv=VM code, C=native code)
V  [jvm.dll+0x13dba5]
C  [remoteApiJava.dll+0x120e7]
C  0x0000000002330fec

Java frames: (J=compiled Java code, j=interpreted, Vv=VM code)
j  coppelia.remoteApi.simxSetStringSignal(ILjava/lang/String;Lcoppelia/CharWA;I)I+0
j  simvrep.Simulation.SendSignals()V+16
j  Tests.HormControlTest.main([Ljava/lang/String;)V+687
v  ~StubRoutines::call_stub

---------------  P R O C E S S  ---------------

Java Threads: ( => current thread )
  0x0000000018e26800 JavaThread "Service Thread" daemon [_thread_blocked, id=6748, stack(0x00000000191d0000,0x00000000192d0000)]
  0x0000000016e7e000 JavaThread "C1 CompilerThread2" daemon [_thread_blocked, id=7944, stack(0x0000000018cd0000,0x0000000018dd0000)]
  0x0000000016e7a000 JavaThread "C2 CompilerThread1" daemon [_thread_blocked, id=2132, stack(0x0000000018bd0000,0x0000000018cd0000)]
  0x0000000016e75000 JavaThread "C2 CompilerThread0" daemon [_thread_blocked, id=8752, stack(0x0000000018ad0000,0x0000000018bd0000)]
  0x0000000016e6a000 JavaThread "JDWP Command Reader" daemon [_thread_in_native, id=7316, stack(0x00000000189d0000,0x0000000018ad0000)]
  0x0000000016e68800 JavaThread "JDWP Event Helper Thread" daemon [_thread_blocked, id=4108, stack(0x00000000188d0000,0x00000000189d0000)]
  0x0000000016e58000 JavaThread "JDWP Transport Listener: dt_socket" daemon [_thread_blocked, id=7352, stack(0x00000000187d0000,0x00000000188d0000)]
  0x0000000016e4d800 JavaThread "Attach Listener" daemon [_thread_blocked, id=8492, stack(0x0000000018390000,0x0000000018490000)]
  0x0000000016e4c800 JavaThread "Signal Dispatcher" daemon [_thread_blocked, id=6700, stack(0x0000000018290000,0x0000000018390000)]
  0x0000000016e3a800 JavaThread "Finalizer" daemon [_thread_blocked, id=5492, stack(0x00000000180b0000,0x00000000181b0000)]
  0x0000000002301000 JavaThread "Reference Handler" daemon [_thread_blocked, id=8372, stack(0x0000000017fb0000,0x00000000180b0000)]
=>0x0000000002212800 JavaThread "main" [_thread_in_vm, id=4360, stack(0x0000000002110000,0x0000000002210000)]

Other Threads:
  0x0000000016e17800 VMThread [stack: 0x0000000017eb0000,0x0000000017fb0000] [id=5868]
  0x0000000018e3d000 WatcherThread [stack: 0x00000000192d0000,0x00000000193d0000] [id=4340]

VM state:not at safepoint (normal execution)

VM Mutex/Monitor currently owned by a thread: None

Heap:
 PSYoungGen      total 38400K, used 1996K [0x00000000d5e00000, 0x00000000d8880000, 0x0000000100000000)
  eden space 33280K, 6% used [0x00000000d5e00000,0x00000000d5ff3360,0x00000000d7e80000)
  from space 5120K, 0% used [0x00000000d8380000,0x00000000d8380000,0x00000000d8880000)
  to   space 5120K, 0% used [0x00000000d7e80000,0x00000000d7e80000,0x00000000d8380000)
 ParOldGen       total 87552K, used 0K [0x0000000081a00000, 0x0000000086f80000, 0x00000000d5e00000)
  object space 87552K, 0% used [0x0000000081a00000,0x0000000081a00000,0x0000000086f80000)
 Metaspace       used 2627K, capacity 4566K, committed 4864K, reserved 1056768K
  class space    used 290K, capacity 390K, committed 512K, reserved 1048576K

Card table byte_map: [0x00000000116d0000,0x0000000011ad0000] byte_map_base: 0x00000000112c3000

Marking Bits: (ParMarkBitMap*) 0x0000000061a464f0
 Begin Bits: [0x0000000012180000, 0x0000000014118000)
 End Bits:   [0x0000000014118000, 0x00000000160b0000)

Polling page: 0x0000000000450000

CodeCache: size=245760Kb used=1119Kb max_used=1119Kb free=244640Kb
 bounds [0x0000000002310000, 0x0000000002580000, 0x0000000011310000]
 total_blobs=274 nmethods=33 adapters=162
 compilation: enabled

Compilation events (10 events):
Event: 6.332 Thread 0x0000000016e7e000   29       3       java.lang.String::startsWith (72 bytes)
Event: 6.333 Thread 0x0000000016e7e000 nmethod 29 0x0000000002424710 code [0x0000000002424880, 0x0000000002424bb0]
Event: 6.334 Thread 0x0000000016e7e000   30       3       java.lang.String::indexOf (7 bytes)
Event: 6.334 Thread 0x0000000016e7e000 nmethod 30 0x0000000002424d90 code [0x0000000002424f00, 0x0000000002425128]
Event: 6.340 Thread 0x0000000016e7e000   31       3       java.lang.String::startsWith (7 bytes)
Event: 6.341 Thread 0x0000000016e7e000 nmethod 31 0x00000000024251d0 code [0x0000000002425340, 0x0000000002425568]
Event: 6.341 Thread 0x0000000016e7e000   32       1       java.lang.Object::<init> (1 bytes)
Event: 6.341 Thread 0x0000000016e7e000 nmethod 32 0x0000000002425610 code [0x0000000002425760, 0x0000000002425870]
Event: 6.345 Thread 0x0000000016e7e000   33       1       java.util.ArrayList::size (5 bytes)
Event: 6.345 Thread 0x0000000016e7e000 nmethod 33 0x00000000024258d0 code [0x0000000002425a20, 0x0000000002425b30]

GC Heap History (0 events):
No events

Deoptimization events (0 events):
No events

Internal exceptions (2 events):
Event: 0.031 Thread 0x0000000002212800 Exception <a 'java/lang/NoSuchMethodError': Method sun.misc.Unsafe.defineClass(Ljava/lang/String;[BII)Ljava/lang/Class; name or signature does not match> (0x00000000d5e07cc0) thrown at [D:\re\workspace\8-2-build-windows-amd64-cygwin\jdk8u92\6642\hotspot\sr∆?0∞èÉü?
Event: 0.031 Thread 0x0000000002212800 Exception <a 'java/lang/NoSuchMethodError': Method sun.misc.Unsafe.prefetchRead(Ljava/lang/Object;J)V name or signature does not match> (0x00000000d5e07fa8) thrown at [D:\re\workspace\8-2-build-windows-amd64-cygwin\jdk8u92\6642\hotspot\src\share\vm\prims\j

Events (10 events):
Event: 109.125 Executing VM operation: GetCurrentLocation
Event: 109.125 Executing VM operation: GetCurrentLocation done
Event: 109.125 Executing VM operation: ChangeSingleStep
Event: 109.125 Executing VM operation: ChangeSingleStep done
Event: 109.125 Executing VM operation: ChangeSingleStep
Event: 109.125 Executing VM operation: ChangeSingleStep done
Event: 109.126 Executing VM operation: GetCurrentLocation
Event: 109.126 Executing VM operation: GetCurrentLocation done
Event: 109.126 Executing VM operation: ChangeSingleStep
Event: 109.126 Executing VM operation: ChangeSingleStep done


Dynamic libraries:
0x00007ff74b120000 - 0x00007ff74b157000 	C:\Program Files\Java\jre1.8.0_92\bin\javaw.exe
0x00007ffac72f0000 - 0x00007ffac74b1000 	C:\WINDOWS\SYSTEM32\ntdll.dll
0x00007ffac4980000 - 0x00007ffac4a2d000 	C:\WINDOWS\system32\KERNEL32.DLL
0x00007ffac4130000 - 0x00007ffac4318000 	C:\WINDOWS\system32\KERNELBASE.dll
0x00007ffac6480000 - 0x00007ffac6527000 	C:\WINDOWS\system32\ADVAPI32.dll
0x00007ffac63b0000 - 0x00007ffac644d000 	C:\WINDOWS\system32\msvcrt.dll
0x00007ffac6e40000 - 0x00007ffac6e9b000 	C:\WINDOWS\system32\sechost.dll
0x00007ffac71d0000 - 0x00007ffac72ec000 	C:\WINDOWS\system32\RPCRT4.dll
0x00007ffac4800000 - 0x00007ffac4956000 	C:\WINDOWS\system32\USER32.dll
0x00007ffac6c70000 - 0x00007ffac6df6000 	C:\WINDOWS\system32\GDI32.dll
0x00007ffab69e0000 - 0x00007ffab6c54000 	C:\WINDOWS\WinSxS\amd64_microsoft.windows.common-controls_6595b64144ccf1df_6.0.10586.0_none_8c15ae12515e1c22\COMCTL32.dll
0x00007ffac60c0000 - 0x00007ffac633d000 	C:\WINDOWS\system32\combase.dll
0x00007ffac45f0000 - 0x00007ffac465a000 	C:\WINDOWS\system32\bcryptPrimitives.dll
0x00007ffac6e00000 - 0x00007ffac6e3b000 	C:\WINDOWS\system32\IMM32.DLL
0x0000000060970000 - 0x0000000060a42000 	C:\Program Files\Java\jre1.8.0_92\bin\msvcr100.dll
0x0000000061230000 - 0x0000000061ac6000 	C:\Program Files\Java\jre1.8.0_92\bin\server\jvm.dll
0x00007ffac6470000 - 0x00007ffac6478000 	C:\WINDOWS\system32\PSAPI.DLL
0x00007ffabe780000 - 0x00007ffabe789000 	C:\WINDOWS\SYSTEM32\WSOCK32.dll
0x00007ffac1300000 - 0x00007ffac1323000 	C:\WINDOWS\SYSTEM32\WINMM.dll
0x00007ffabe870000 - 0x00007ffabe87a000 	C:\WINDOWS\SYSTEM32\VERSION.dll
0x00007ffac6340000 - 0x00007ffac63ab000 	C:\WINDOWS\system32\WS2_32.dll
0x00007ffac1280000 - 0x00007ffac12ac000 	C:\WINDOWS\SYSTEM32\WINMMBASE.dll
0x00007ffac43d0000 - 0x00007ffac4413000 	C:\WINDOWS\system32\cfgmgr32.dll
0x0000000061140000 - 0x000000006114f000 	C:\Program Files\Java\jre1.8.0_92\bin\verify.dll
0x0000000061110000 - 0x0000000061139000 	C:\Program Files\Java\jre1.8.0_92\bin\java.dll
0x0000000060930000 - 0x0000000060965000 	C:\Program Files\Java\jre1.8.0_92\bin\jdwp.dll
0x0000000060920000 - 0x0000000060928000 	C:\Program Files\Java\jre1.8.0_92\bin\npt.dll
0x00000000610f0000 - 0x0000000061106000 	C:\Program Files\Java\jre1.8.0_92\bin\zip.dll
0x00007ffac4a90000 - 0x00007ffac5fec000 	C:\WINDOWS\system32\SHELL32.dll
0x00007ffac3a00000 - 0x00007ffac4044000 	C:\WINDOWS\system32\windows.storage.dll
0x00007ffac6530000 - 0x00007ffac6582000 	C:\WINDOWS\system32\shlwapi.dll
0x00007ffac3910000 - 0x00007ffac391f000 	C:\WINDOWS\system32\kernel.appcore.dll
0x00007ffac4050000 - 0x00007ffac4105000 	C:\WINDOWS\system32\shcore.dll
0x00007ffac3940000 - 0x00007ffac398b000 	C:\WINDOWS\system32\powrprof.dll
0x00007ffac3920000 - 0x00007ffac3934000 	C:\WINDOWS\system32\profapi.dll
0x0000000060910000 - 0x0000000060919000 	C:\Program Files\Java\jre1.8.0_92\bin\dt_socket.dll
0x00007ffab4610000 - 0x00007ffab4626000 	C:\WINDOWS\system32\napinsp.dll
0x00007ffab4590000 - 0x00007ffab45aa000 	C:\WINDOWS\system32\pnrpnsp.dll
0x00007ffac1680000 - 0x00007ffac1698000 	C:\WINDOWS\system32\NLAapi.dll
0x00007ffac31e0000 - 0x00007ffac323c000 	C:\WINDOWS\System32\mswsock.dll
0x00007ffac2060000 - 0x00007ffac210a000 	C:\WINDOWS\SYSTEM32\DNSAPI.dll
0x00007ffac4960000 - 0x00007ffac4968000 	C:\WINDOWS\system32\NSI.dll
0x00007ffab45b0000 - 0x00007ffab45bd000 	C:\WINDOWS\System32\winrnr.dll
0x00007ffab54f0000 - 0x00007ffab5505000 	C:\WINDOWS\System32\wshbth.dll
0x00007ffab9630000 - 0x00007ffab9697000 	C:\WINDOWS\System32\fwpuclnt.dll
0x00007ffac37a0000 - 0x00007ffac37c9000 	C:\WINDOWS\SYSTEM32\bcrypt.dll
0x00007ffab5790000 - 0x00007ffab579a000 	C:\Windows\System32\rasadhlp.dll
0x00007ffaaa390000 - 0x00007ffaaa3d0000 	C:\Users\golde_000\git\Evolution\VREPControl\lib\remoteApiJava.dll
0x00007ffabe140000 - 0x00007ffabe2cc000 	C:\WINDOWS\SYSTEM32\dbghelp.dll

VM Arguments:
jvm_args: -agentlib:jdwp=transport=dt_socket,suspend=y,address=localhost:59681 -Djava.library.path=C:\Users\golde_000\git\Evolution\VREPControl\lib -Dfile.encoding=Cp1252 
java_command: Tests.HormControlTest
java_class_path (initial): C:\Users\golde_000\git\Evolution\VREPControl\bin;C:\Users\golde_000\git\Evolution\VREPControl\lib\lib\commons-configuration-1.5.jar;C:\Users\golde_000\git\Evolution\VREPControl\lib\lib\CMA.jar;C:\Users\golde_000\git\Evolution\VREPControl\lib\lib\log4j-1.2.11.jar;C:\Users\golde_000\git\Evolution\VREPControl\lib\lib\mpj.jar;C:\Users\golde_000\git\Evolution\VREPControl\lib\lib\commons-logging-1.1.1.jar;C:\Users\golde_000\git\Evolution\VREPControl\lib\lib\commons-lang-2.4.jar;C:\Users\golde_000\git\Evolution\VREPControl\lib\lib\commons-collections-3.2.1.jar;C:\Users\golde_000\git\Evolution\VREPControl\lib\lib\mtj-0.9.11.jar;C:\Users\golde_000\git\Evolution\VREPControl\lib\lib\commons-math-2.0.jar;C:\Users\golde_000\git\Evolution\VREPControl\lib\jeaf-1.0.jar;C:\Users\golde_000\git\Evolution\VREPControl\lib;C:\Users\golde_000\git\Evolution\VREPControl\lib\math.jar;C:\Users\golde_000\git\Evolution\VREPControl\lib\optimization.jar;C:\Users\golde_000\git\Evolution\VREPControl\lib\random.jar;C:\Users\golde_000\git\Evolution\VREPControl\lib\services.jar;C:\Users\golde_000\git\Evolution\VREPControl\lib\types.jar;C:\Users\golde_000\git\Evolution\VREPControl\lib\evolution.jar;C:\Users\golde_000\git\Evolution\VREPControl\lib\commons-math3-3.5.jar
Launcher Type: SUN_STANDARD

Environment Variables:
PATH=C:/Program Files/Java/jre1.8.0_92/bin/server;C:/Program Files/Java/jre1.8.0_92/bin;C:/Program Files/Java/jre1.8.0_92/lib/amd64;C:\ProgramData\Oracle\Java\javapath;C:\Program Files (x86)\Intel\iCLS Client\;C:\Program Files\Intel\iCLS Client\;C:\WINDOWS\system32;C:\WINDOWS;C:\WINDOWS\System32\Wbem;C:\WINDOWS\System32\WindowsPowerShell\v1.0\;C:\Program Files\Intel\Intel(R) Management Engine Components\DAL;C:\Program Files\Intel\Intel(R) Management Engine Components\IPT;C:\Program Files (x86)\Intel\Intel(R) Management Engine Components\DAL;C:\Program Files (x86)\Intel\Intel(R) Management Engine Components\IPT;C:\Program Files (x86)\ATI Technologies\ATI.ACE\Core-Static;C:\Program Files\Intel\WiFi\bin\;C:\Program Files\Common Files\Intel\WirelessCommon\;C:\Program Files (x86)\Skype\Phone\;C:\Program Files (x86)\PuTTY\;C:\Users\golde_000\eclipse\java-mars\eclipse;
USERNAME=golde_000
OS=Windows_NT
PROCESSOR_IDENTIFIER=Intel64 Family 6 Model 69 Stepping 1, GenuineIntel



---------------  S Y S T E M  ---------------

OS: Windows 10.0 , 64 bit Build 10586 (10.0.10586.0)

CPU:total 4 (2 cores per cpu, 2 threads per core) family 6 model 69 stepping 1, cmov, cx8, fxsr, mmx, sse, sse2, sse3, ssse3, sse4.1, sse4.2, popcnt, avx, avx2, aes, clmul, erms, lzcnt, ht, tsc, tscinvbit, bmi1, bmi2

Memory: 4k page, physical 8278296k(4442932k free), swap 10244376k(5546716k free)

vm_info: Java HotSpot(TM) 64-Bit Server VM (25.92-b14) for windows-amd64 JRE (1.8.0_92-b14), built on Mar 31 2016 21:03:04 by "java_re" with MS VC++ 10.0 (VS2010)

time: Wed Jun 15 18:20:43 2016
elapsed time: 109 seconds (0d 0h 1m 49s)

